{
  "RSpec": {
    "coverage": {
      "/home/manjeet/Canteen-Ordering-System/app/models/cart_item.rb": {
        "lines": [
          1,
          1,
          1,
          1,
          null,
          1,
          null,
          1,
          5,
          null,
          null,
          null
        ]
      },
      "/home/manjeet/Canteen-Ordering-System/app/models/application_record.rb": {
        "lines": [
          1,
          1,
          null
        ]
      },
      "/home/manjeet/Canteen-Ordering-System/app/models/cart.rb": {
        "lines": [
          1,
          1,
          null,
          1,
          1,
          1,
          1,
          1,
          1,
          null,
          2,
          2,
          2,
          2,
          null,
          1,
          3,
          null,
          null,
          1,
          1,
          null,
          null
        ]
      },
      "/home/manjeet/Canteen-Ordering-System/app/models/chef_profile.rb": {
        "lines": [
          1,
          1,
          null,
          1,
          1,
          null,
          1,
          1,
          null,
          1,
          1,
          null
        ]
      },
      "/home/manjeet/Canteen-Ordering-System/app/models/employee_profile.rb": {
        "lines": [
          1,
          1,
          1,
          null,
          1,
          1,
          null,
          1,
          1,
          null
        ]
      },
      "/home/manjeet/Canteen-Ordering-System/app/models/food_item.rb": {
        "lines": [
          1,
          1,
          1,
          null,
          1,
          1,
          1,
          null
        ]
      },
      "/home/manjeet/Canteen-Ordering-System/app/models/user_profile.rb": {
        "lines": [
          1,
          1,
          null,
          1,
          1,
          null,
          1,
          1,
          null
        ]
      },
      "/home/manjeet/Canteen-Ordering-System/app/models/user.rb": {
        "lines": [
          1,
          1,
          1,
          null,
          1,
          null,
          1,
          null,
          1,
          null,
          null,
          1,
          1,
          1,
          1,
          1,
          1,
          1,
          1,
          1,
          null,
          2,
          null,
          1,
          1,
          1,
          1,
          1,
          1,
          1,
          null,
          0,
          0,
          null,
          null,
          null
        ]
      },
      "/home/manjeet/Canteen-Ordering-System/app/models/food_category.rb": {
        "lines": [
          1,
          1,
          null,
          1,
          null,
          1,
          null
        ]
      },
      "/home/manjeet/Canteen-Ordering-System/app/models/food_store.rb": {
        "lines": [
          1,
          1,
          1,
          1,
          1,
          null,
          1,
          null,
          1,
          1,
          null,
          null,
          null
        ]
      },
      "/home/manjeet/Canteen-Ordering-System/app/models/message.rb": {
        "lines": [
          1,
          1,
          1,
          null,
          1,
          null
        ]
      },
      "/home/manjeet/Canteen-Ordering-System/app/models/notification.rb": {
        "lines": [
          1,
          1,
          null,
          1,
          null,
          1,
          null
        ]
      },
      "/home/manjeet/Canteen-Ordering-System/app/models/company.rb": {
        "lines": [
          1,
          1,
          1,
          null,
          1,
          null
        ]
      },
      "/home/manjeet/Canteen-Ordering-System/app/models/review.rb": {
        "lines": [
          0,
          0,
          0,
          0
        ],
        "branches": {
        }
      }
    },
    "timestamp": 1660474283
  }
}
